<?xml version="1.0" encoding="UTF-8"?>
<!-- Generated by org.testng.reporters.JUnitXMLReporter -->
<testsuite hostname="Olga" name="Test1" tests="4" failures="0" timestamp="3 Apr 2016 23:08:12 GMT" time="13.307" errors="0">
  <testcase name="LoginTest" time="1.975" classname="Sipacheva.LoginTest"/>
  <testcase name="testAddMovieTrue" time="1.332" classname="Sipacheva.Add_movie_true"/>
  <testcase name="testAddMovieFalse" time="1.751" classname="Sipacheva.Add_movie_false"/>
  <testcase name="testDeleteMovie" time="1.56" classname="Sipacheva.Delete_movie"/>
</testsuite> <!-- Test1 -->
