<?xml version="1.0" encoding="UTF-8"?>
<!-- Generated by org.testng.reporters.JUnitXMLReporter -->
<testsuite hostname="Olga" name="Test1" tests="3" failures="0" timestamp="7 Apr 2016 22:14:18 GMT" time="11.29" errors="0">
  <testcase name="LoginTest" time="2.266" classname="Sipacheva.LoginTest"/>
  <testcase name="SearchMovieTrue" time="1.519" classname="Sipacheva.SearchMovieTrue"/>
  <testcase name="SearchMovieFalse" time="1.461" classname="Sipacheva.SearchMovieFalse"/>
</testsuite> <!-- Test1 -->
