<?xml version="1.0" encoding="UTF-8"?>
<testng-results skipped="0" failed="0" total="3" passed="3">
  <reporter-output>
  </reporter-output>
  <suite name="Tests" duration-ms="10127" started-at="2016-04-04T22:37:56Z" finished-at="2016-04-04T22:38:06Z">
    <groups>
    </groups>
    <test name="Test1" duration-ms="10127" started-at="2016-04-04T22:37:56Z" finished-at="2016-04-04T22:38:06Z">
      <class name="Sipacheva.LoginTest">
        <test-method status="PASS" signature="init()[pri:0, instance:Sipacheva.LoginTest@598067a5]" name="init" is-config="true" duration-ms="6568" started-at="2016-04-05T01:37:56Z" finished-at="2016-04-05T01:38:02Z">
          <reporter-output>
          </reporter-output>
        </test-method> <!-- init -->
        <test-method status="PASS" signature="LoginTest()[pri:0, instance:Sipacheva.LoginTest@598067a5]" name="LoginTest" duration-ms="1866" started-at="2016-04-05T01:38:02Z" finished-at="2016-04-05T01:38:04Z">
          <reporter-output>
          </reporter-output>
        </test-method> <!-- LoginTest -->
      </class> <!-- Sipacheva.LoginTest -->
      <class name="Sipacheva.SearchMovieFalse">
        <test-method status="PASS" signature="init()[pri:0, instance:Sipacheva.SearchMovieFalse@31ef45e3]" name="init" is-config="true" duration-ms="9" started-at="2016-04-05T01:38:05Z" finished-at="2016-04-05T01:38:05Z">
          <reporter-output>
          </reporter-output>
        </test-method> <!-- init -->
        <test-method status="PASS" signature="SearchMovieFalse()[pri:0, instance:Sipacheva.SearchMovieFalse@31ef45e3]" name="SearchMovieFalse" duration-ms="553" started-at="2016-04-05T01:38:05Z" finished-at="2016-04-05T01:38:06Z">
          <reporter-output>
          </reporter-output>
        </test-method> <!-- SearchMovieFalse -->
      </class> <!-- Sipacheva.SearchMovieFalse -->
      <class name="Sipacheva.SearchMovieTrue">
        <test-method status="PASS" signature="init()[pri:0, instance:Sipacheva.SearchMovieTrue@53b32d7]" name="init" is-config="true" duration-ms="13" started-at="2016-04-05T01:38:04Z" finished-at="2016-04-05T01:38:04Z">
          <reporter-output>
          </reporter-output>
        </test-method> <!-- init -->
        <test-method status="PASS" signature="SearchMovieTrue()[pri:0, instance:Sipacheva.SearchMovieTrue@53b32d7]" name="SearchMovieTrue" duration-ms="1098" started-at="2016-04-05T01:38:04Z" finished-at="2016-04-05T01:38:05Z">
          <reporter-output>
          </reporter-output>
        </test-method> <!-- SearchMovieTrue -->
        <test-method status="PASS" signature="tearDown()[pri:0, instance:Sipacheva.SearchMovieTrue@53b32d7]" name="tearDown" is-config="true" duration-ms="544" started-at="2016-04-05T01:38:06Z" finished-at="2016-04-05T01:38:07Z">
          <reporter-output>
          </reporter-output>
        </test-method> <!-- tearDown -->
      </class> <!-- Sipacheva.SearchMovieTrue -->
    </test> <!-- Test1 -->
  </suite> <!-- Tests -->
</testng-results>
